2022-04-29 15:06:52,243 [WARNI]  The UnexpecTED Intent Policy is currently experimental and might change or be removed in the future ðŸ”¬ Please share your feedback on it in the forum (https://forum.rasa.com) to help us make this feature ready for production.
2022-04-29 15:07:00,381 [INFO ]  Rasa server is up and running.
2022-04-29 15:13:30,518 [INFO ]  Starting Rasa server on http://0.0.0.0:5005
2022-04-29 15:13:32,137 [INFO ]  Loading model models/20220429-145957-grandioso-transform.tar.gz...
2022-04-29 15:14:06,597 [WARNI]  The UnexpecTED Intent Policy is currently experimental and might change or be removed in the future ðŸ”¬ Please share your feedback on it in the forum (https://forum.rasa.com) to help us make this feature ready for production.
2022-04-29 15:14:16,196 [INFO ]  Rasa server is up and running.
2022-04-29 15:18:14,690 [INFO ]  Starting Rasa server on http://0.0.0.0:5005
2022-04-29 15:18:16,406 [INFO ]  Loading model models/20220429-145957-grandioso-transform.tar.gz...
2022-04-29 15:18:52,724 [WARNI]  The UnexpecTED Intent Policy is currently experimental and might change or be removed in the future ðŸ”¬ Please share your feedback on it in the forum (https://forum.rasa.com) to help us make this feature ready for production.
2022-04-29 15:19:00,858 [INFO ]  Rasa server is up and running.
2022-04-29 15:38:00,801 [INFO ]  Starting Rasa server on http://0.0.0.0:5005
2022-04-29 15:38:02,927 [INFO ]  Loading model models/20220429-152011-big-barnacles.tar.gz...
2022-04-29 15:38:47,190 [WARNI]  The UnexpecTED Intent Policy is currently experimental and might change or be removed in the future ðŸ”¬ Please share your feedback on it in the forum (https://forum.rasa.com) to help us make this feature ready for production.
2022-04-29 15:38:56,156 [INFO ]  Rasa server is up and running.
2022-04-29 15:46:17,329 [INFO ]  Starting Rasa server on http://0.0.0.0:5005
2022-04-29 15:46:19,063 [INFO ]  Loading model models/20220429-152011-big-barnacles.tar.gz...
2022-04-29 15:47:02,529 [WARNI]  The UnexpecTED Intent Policy is currently experimental and might change or be removed in the future ðŸ”¬ Please share your feedback on it in the forum (https://forum.rasa.com) to help us make this feature ready for production.
2022-04-29 15:47:13,531 [INFO ]  Rasa server is up and running.
2022-04-29 15:50:56,962 [INFO ]  Starting Rasa server on http://0.0.0.0:5005
2022-04-29 15:50:58,635 [INFO ]  Loading model models/20220429-152011-big-barnacles.tar.gz...
2022-04-29 15:51:35,040 [WARNI]  The UnexpecTED Intent Policy is currently experimental and might change or be removed in the future ðŸ”¬ Please share your feedback on it in the forum (https://forum.rasa.com) to help us make this feature ready for production.
2022-04-29 15:51:45,444 [INFO ]  Rasa server is up and running.
2022-04-29 15:52:51,488 [ERROR]  Exception occurred while handling uri: 'http://localhost:5005/webhooks/replace_current_model/webhook'
Traceback (most recent call last):
  File "handle_request", line 103, in handle_request
    "_future_listeners",
sanic.exceptions.ServerError: Invalid response type None (need HTTPResponse)
2022-04-29 15:52:52,771 [ERROR]  Message handling timed out for user message 'hey'.
2022-04-29 15:55:05,113 [INFO ]  Starting Rasa server on http://0.0.0.0:5005
2022-04-29 15:55:06,736 [INFO ]  Loading model models/20220429-152011-big-barnacles.tar.gz...
2022-04-29 15:55:41,007 [WARNI]  The UnexpecTED Intent Policy is currently experimental and might change or be removed in the future ðŸ”¬ Please share your feedback on it in the forum (https://forum.rasa.com) to help us make this feature ready for production.
2022-04-29 15:55:49,719 [INFO ]  Rasa server is up and running.
2022-04-29 15:56:47,791 [ERROR]  Exception occurred while handling uri: 'http://localhost:5005/webhooks/replace_current_model/webhook'
Traceback (most recent call last):
  File "handle_request", line 103, in handle_request
    "_future_listeners",
sanic.exceptions.ServerError: Invalid response type None (need HTTPResponse)
2022-04-29 15:58:21,360 [INFO ]  Starting Rasa server on http://0.0.0.0:5005
2022-04-29 15:58:23,061 [INFO ]  Loading model models/20220429-152011-big-barnacles.tar.gz...
2022-04-29 15:58:59,458 [WARNI]  The UnexpecTED Intent Policy is currently experimental and might change or be removed in the future ðŸ”¬ Please share your feedback on it in the forum (https://forum.rasa.com) to help us make this feature ready for production.
2022-04-29 15:59:07,983 [INFO ]  Rasa server is up and running.
2022-04-29 15:59:33,082 [INFO ]  Starting Rasa server on http://0.0.0.0:5005
2022-04-29 15:59:34,774 [INFO ]  Loading model models/20220429-152011-big-barnacles.tar.gz...
2022-04-29 16:00:07,553 [WARNI]  The UnexpecTED Intent Policy is currently experimental and might change or be removed in the future ðŸ”¬ Please share your feedback on it in the forum (https://forum.rasa.com) to help us make this feature ready for production.
2022-04-29 16:00:15,711 [INFO ]  Rasa server is up and running.
2022-04-29 16:00:18,314 [ERROR]  SPTK caught an error that should have been caught by Sanic response handler.
2022-04-29 16:00:18,314 [ERROR]  None
2022-04-29 16:00:18,316 [ERROR]  Task exception was never retrieved
future: <Task finished name='Task-6' coro=<connection_task() done, defined at connection_task:1> exception=SystemExit(None)>
Traceback (most recent call last):
  File "uvloop/loop.pyx", line 436, in uvloop.loop.Loop._on_idle
  File "uvloop/cbhandles.pyx", line 90, in uvloop.loop.Handle._run
  File "uvloop/cbhandles.pyx", line 70, in uvloop.loop.Handle._run
  File "connection_task", line 15, in connection_task
    from sanic.http import Http, Stage
  File "/Users/alex/opt/anaconda3/lib/python3.8/site-packages/sanic/http.py", line 146, in http1
    await self.protocol.request_handler(self.request)
  File "/Users/alex/opt/anaconda3/lib/python3.8/site-packages/sanic_plugin_toolkit/realm.py", line 554, in _handle_request_21_03
    _ = await real_handle(request)
  File "handle_request", line 83, in handle_request
    class Sanic(BaseSanic, metaclass=TouchUpMeta):
  File "/Users/alex/Desktop/Uni Third Year/KV6003 Individual Computing Project/chatbot/rasa_individual/rasa/actions/custom_actions/replace_current_model.py", line 33, in receive
    os.system(exit())
  File "/Users/alex/opt/anaconda3/lib/python3.8/_sitebuiltins.py", line 26, in __call__
    raise SystemExit(code)
SystemExit: None
2022-04-29 16:00:18,323 [ERROR]  SPTK caught an error that should have been caught by Sanic response handler.
2022-04-29 16:00:18,324 [ERROR]  None
2022-04-29 16:00:18,324 [ERROR]  Task exception was never retrieved
future: <Task finished name='Task-7' coro=<connection_task() done, defined at connection_task:1> exception=SystemExit(None)>
Traceback (most recent call last):
  File "/Users/alex/opt/anaconda3/lib/python3.8/site-packages/sanic/server/runners.py", line 150, in serve
    loop.run_forever()
  File "uvloop/loop.pyx", line 1351, in uvloop.loop.Loop.run_forever
  File "uvloop/loop.pyx", line 519, in uvloop.loop.Loop._run
  File "uvloop/loop.pyx", line 436, in uvloop.loop.Loop._on_idle
  File "uvloop/cbhandles.pyx", line 90, in uvloop.loop.Handle._run
  File "uvloop/cbhandles.pyx", line 70, in uvloop.loop.Handle._run
  File "connection_task", line 15, in connection_task
    from sanic.http import Http, Stage
  File "/Users/alex/opt/anaconda3/lib/python3.8/site-packages/sanic/http.py", line 146, in http1
    await self.protocol.request_handler(self.request)
  File "/Users/alex/opt/anaconda3/lib/python3.8/site-packages/sanic_plugin_toolkit/realm.py", line 554, in _handle_request_21_03
    _ = await real_handle(request)
  File "handle_request", line 83, in handle_request
    class Sanic(BaseSanic, metaclass=TouchUpMeta):
  File "/Users/alex/Desktop/Uni Third Year/KV6003 Individual Computing Project/chatbot/rasa_individual/rasa/actions/custom_actions/replace_current_model.py", line 33, in receive
    os.system(exit())
  File "/Users/alex/opt/anaconda3/lib/python3.8/_sitebuiltins.py", line 26, in __call__
    raise SystemExit(code)
SystemExit: None

During handling of the above exception, another exception occurred:

Traceback (most recent call last):
  File "uvloop/loop.pyx", line 436, in uvloop.loop.Loop._on_idle
  File "uvloop/cbhandles.pyx", line 90, in uvloop.loop.Handle._run
  File "uvloop/cbhandles.pyx", line 70, in uvloop.loop.Handle._run
  File "connection_task", line 15, in connection_task
    from sanic.http import Http, Stage
  File "/Users/alex/opt/anaconda3/lib/python3.8/site-packages/sanic/http.py", line 146, in http1
    await self.protocol.request_handler(self.request)
  File "/Users/alex/opt/anaconda3/lib/python3.8/site-packages/sanic_plugin_toolkit/realm.py", line 554, in _handle_request_21_03
    _ = await real_handle(request)
  File "handle_request", line 83, in handle_request
    class Sanic(BaseSanic, metaclass=TouchUpMeta):
  File "/Users/alex/Desktop/Uni Third Year/KV6003 Individual Computing Project/chatbot/rasa_individual/rasa/actions/custom_actions/replace_current_model.py", line 33, in receive
    os.system(exit())
  File "/Users/alex/opt/anaconda3/lib/python3.8/_sitebuiltins.py", line 26, in __call__
    raise SystemExit(code)
SystemExit: None
2022-04-29 16:00:18,419 [ERROR]  Experienced exception while trying to serve
Traceback (most recent call last):
  File "/Users/alex/opt/anaconda3/lib/python3.8/site-packages/sanic/server/runners.py", line 150, in serve
    loop.run_forever()
  File "uvloop/loop.pyx", line 1351, in uvloop.loop.Loop.run_forever
  File "uvloop/loop.pyx", line 519, in uvloop.loop.Loop._run
  File "uvloop/loop.pyx", line 436, in uvloop.loop.Loop._on_idle
  File "uvloop/cbhandles.pyx", line 90, in uvloop.loop.Handle._run
  File "uvloop/cbhandles.pyx", line 70, in uvloop.loop.Handle._run
  File "connection_task", line 15, in connection_task
    from sanic.http import Http, Stage
  File "/Users/alex/opt/anaconda3/lib/python3.8/site-packages/sanic/http.py", line 146, in http1
    await self.protocol.request_handler(self.request)
  File "/Users/alex/opt/anaconda3/lib/python3.8/site-packages/sanic_plugin_toolkit/realm.py", line 554, in _handle_request_21_03
    _ = await real_handle(request)
  File "handle_request", line 83, in handle_request
    class Sanic(BaseSanic, metaclass=TouchUpMeta):
  File "/Users/alex/Desktop/Uni Third Year/KV6003 Individual Computing Project/chatbot/rasa_individual/rasa/actions/custom_actions/replace_current_model.py", line 33, in receive
    os.system(exit())
  File "/Users/alex/opt/anaconda3/lib/python3.8/_sitebuiltins.py", line 26, in __call__
    raise SystemExit(code)
SystemExit: None

During handling of the above exception, another exception occurred:

Traceback (most recent call last):
  File "/Users/alex/opt/anaconda3/lib/python3.8/site-packages/sanic/app.py", line 1051, in run
    serve_single(server_settings)
  File "/Users/alex/opt/anaconda3/lib/python3.8/site-packages/sanic/server/runners.py", line 199, in serve_single
    serve(**server_settings)
  File "/Users/alex/opt/anaconda3/lib/python3.8/site-packages/sanic/server/runners.py", line 155, in serve
    loop.run_until_complete(app._server_event("shutdown", "before"))
  File "uvloop/loop.pyx", line 1450, in uvloop.loop.Loop.run_until_complete
  File "uvloop/loop.pyx", line 1443, in uvloop.loop.Loop.run_until_complete
  File "uvloop/loop.pyx", line 1351, in uvloop.loop.Loop.run_forever
  File "uvloop/loop.pyx", line 519, in uvloop.loop.Loop._run
  File "uvloop/loop.pyx", line 436, in uvloop.loop.Loop._on_idle
  File "uvloop/cbhandles.pyx", line 90, in uvloop.loop.Handle._run
  File "uvloop/cbhandles.pyx", line 70, in uvloop.loop.Handle._run
  File "connection_task", line 15, in connection_task
    from sanic.http import Http, Stage
  File "/Users/alex/opt/anaconda3/lib/python3.8/site-packages/sanic/http.py", line 146, in http1
    await self.protocol.request_handler(self.request)
  File "/Users/alex/opt/anaconda3/lib/python3.8/site-packages/sanic_plugin_toolkit/realm.py", line 554, in _handle_request_21_03
    _ = await real_handle(request)
  File "handle_request", line 83, in handle_request
    class Sanic(BaseSanic, metaclass=TouchUpMeta):
  File "/Users/alex/Desktop/Uni Third Year/KV6003 Individual Computing Project/chatbot/rasa_individual/rasa/actions/custom_actions/replace_current_model.py", line 33, in receive
    os.system(exit())
  File "/Users/alex/opt/anaconda3/lib/python3.8/_sitebuiltins.py", line 26, in __call__
    raise SystemExit(code)
SystemExit: None
2022-04-29 16:05:38,276 [INFO ]  Starting Rasa server on http://0.0.0.0:5005
2022-04-29 16:05:39,879 [INFO ]  Loading model models/20220429-152011-big-barnacles.tar.gz...
2022-04-29 16:06:14,526 [WARNI]  The UnexpecTED Intent Policy is currently experimental and might change or be removed in the future ðŸ”¬ Please share your feedback on it in the forum (https://forum.rasa.com) to help us make this feature ready for production.
2022-04-29 16:06:22,801 [INFO ]  Rasa server is up and running.
2022-04-29 16:08:44,023 [INFO ]  Starting Rasa server on http://0.0.0.0:5005
2022-04-29 16:08:45,623 [INFO ]  Loading model models/20220429-152011-big-barnacles.tar.gz...
2022-04-29 16:09:19,994 [WARNI]  The UnexpecTED Intent Policy is currently experimental and might change or be removed in the future ðŸ”¬ Please share your feedback on it in the forum (https://forum.rasa.com) to help us make this feature ready for production.
2022-04-29 16:09:28,926 [INFO ]  Rasa server is up and running.
2022-04-29 16:12:32,833 [ERROR]  Agent with name 'None' could not be loaded.
2022-04-29 16:13:11,387 [INFO ]  Loading model /Users/alex/desktop/Uni Third Year/KV6003 Individual Computing Project/chatbot/rasa_individual/rasa/models/20220428-212830-unproductive-piano.tar.gz...
2022-04-29 16:13:44,298 [WARNI]  The UnexpecTED Intent Policy is currently experimental and might change or be removed in the future ðŸ”¬ Please share your feedback on it in the forum (https://forum.rasa.com) to help us make this feature ready for production.
2022-04-29 16:22:16,114 [ERROR]  Message handling timed out for user message 'hey'.
2022-04-29 16:28:36,757 [INFO ]  Loading model /Users/alex/desktop/Uni Third Year/KV6003 Individual Computing Project/chatbot/rasa_individual/rasa/models/20220429-152011-big-barnacles.tar.gz...
2022-04-29 16:29:27,437 [WARNI]  The UnexpecTED Intent Policy is currently experimental and might change or be removed in the future ðŸ”¬ Please share your feedback on it in the forum (https://forum.rasa.com) to help us make this feature ready for production.
2022-04-29 16:30:19,835 [INFO ]  Loading model /Users/alex/desktop/Uni Third Year/KV6003 Individual Computing Project/chatbot/rasa_individual/rasa/models/20220429-152011-big-barnacles.tar.gz...
2022-04-29 16:31:02,188 [WARNI]  The UnexpecTED Intent Policy is currently experimental and might change or be removed in the future ðŸ”¬ Please share your feedback on it in the forum (https://forum.rasa.com) to help us make this feature ready for production.
2022-04-29 16:31:26,631 [INFO ]  Loading model /Users/alex/desktop/Uni Third Year/KV6003 Individual Computing Project/chatbot/rasa_individual/rasa/models/20220429-152011-big-barnacles.tar.gz...
2022-04-29 16:32:04,101 [WARNI]  The UnexpecTED Intent Policy is currently experimental and might change or be removed in the future ðŸ”¬ Please share your feedback on it in the forum (https://forum.rasa.com) to help us make this feature ready for production.
2022-04-29 16:32:59,495 [ERROR]  Agent with name 'None' could not be loaded.
2022-04-29 16:33:14,884 [INFO ]  Loading model /Users/alex/desktop/Uni Third Year/KV6003 Individual Computing Project/chatbot/rasa_individual/rasa/models/20220429-152011-big-barnacles.tar.gz...
2022-04-29 16:34:06,443 [WARNI]  The UnexpecTED Intent Policy is currently experimental and might change or be removed in the future ðŸ”¬ Please share your feedback on it in the forum (https://forum.rasa.com) to help us make this feature ready for production.
2022-04-29 16:34:26,856 [INFO ]  Loading model /Users/alex/desktop/Uni Third Year/KV6003 Individual Computing Project/chatbot/rasa_individual/rasa/models/20220429-145957-grandioso-transform.tar.gz...
2022-04-29 16:35:10,644 [WARNI]  The UnexpecTED Intent Policy is currently experimental and might change or be removed in the future ðŸ”¬ Please share your feedback on it in the forum (https://forum.rasa.com) to help us make this feature ready for production.
2022-04-29 17:51:37,536 [ERROR]  Message handling timed out for user message 'hey'.
2022-04-29 17:56:19,735 [ERROR]  Message handling timed out for user message 'hey'.
2022-04-29 17:56:20,239 [ERROR]  Message handling timed out for user message 'hey'.
2022-04-29 17:56:20,249 [ERROR]  Message handling timed out for user message 'hey'.
2022-04-29 17:56:20,846 [ERROR]  Message handling timed out for user message 'hey'.
2022-04-29 18:00:12,751 [ERROR]  Message handling timed out for user message 'hey'.
2022-04-29 18:16:44,067 [ERROR]  Message handling timed out for user message 'hey'.
2022-04-29 18:31:10,583 [ERROR]  Message handling timed out for user message 'hey'.
2022-04-29 18:31:10,594 [ERROR]  Message handling timed out for user message 'hey'.
2022-04-29 18:49:12,972 [ERROR]  Message handling timed out for user message 'hey'.
2022-04-29 18:49:37,445 [ERROR]  Message handling timed out for user message 'hey'.
2022-04-29 18:49:37,451 [ERROR]  Message handling timed out for user message 'hey'.
2022-04-29 18:49:37,457 [ERROR]  Message handling timed out for user message 'hey'.
2022-04-29 18:49:37,459 [ERROR]  Message handling timed out for user message 'hey'.
2022-04-29 18:49:37,461 [ERROR]  Message handling timed out for user message 'hey'.
2022-04-29 18:49:37,462 [ERROR]  Message handling timed out for user message 'hey'.
2022-04-29 18:49:37,464 [ERROR]  Message handling timed out for user message 'hey'.
2022-04-29 18:49:37,466 [ERROR]  Message handling timed out for user message 'hey'.
2022-04-29 18:49:37,470 [ERROR]  Message handling timed out for user message 'hey'.
2022-04-29 18:49:37,473 [ERROR]  Message handling timed out for user message 'hey'.
2022-04-29 18:49:37,476 [ERROR]  Message handling timed out for user message 'hey'.
2022-04-29 18:49:37,478 [ERROR]  Message handling timed out for user message 'hey'.
2022-04-29 18:49:37,480 [ERROR]  Message handling timed out for user message 'hey'.
2022-04-29 18:49:37,481 [ERROR]  Message handling timed out for user message 'hey'.
2022-04-29 18:49:38,222 [ERROR]  Message handling timed out for user message 'hey'.
2022-04-29 18:49:38,228 [ERROR]  Message handling timed out for user message 'hey'.
2022-04-29 18:49:38,230 [ERROR]  Message handling timed out for user message 'hey'.
2022-04-29 18:49:38,232 [ERROR]  Message handling timed out for user message 'hey'.
2022-04-29 18:49:38,233 [ERROR]  Message handling timed out for user message 'hey'.
2022-04-29 18:49:38,235 [ERROR]  Message handling timed out for user message 'hey'.
2022-04-29 18:49:38,237 [ERROR]  Message handling timed out for user message 'hey'.
2022-04-29 18:49:38,237 [ERROR]  Message handling timed out for user message 'hey'.
2022-04-29 18:49:38,239 [ERROR]  Message handling timed out for user message 'hey'.
2022-04-29 18:49:38,239 [ERROR]  Message handling timed out for user message 'hey'.
2022-04-29 18:49:38,688 [ERROR]  Message handling timed out for user message 'hey'.
2022-04-29 18:49:38,699 [ERROR]  Message handling timed out for user message 'hey'.
2022-04-29 18:49:38,700 [ERROR]  Message handling timed out for user message 'hey'.
2022-04-29 18:49:38,705 [ERROR]  Message handling timed out for user message 'hey'.
2022-04-29 18:49:38,707 [ERROR]  Message handling timed out for user message 'hey'.
2022-04-29 18:49:38,708 [ERROR]  Message handling timed out for user message 'hey'.
2022-04-29 18:49:38,709 [ERROR]  Message handling timed out for user message 'hey'.
2022-04-29 18:49:38,711 [ERROR]  Message handling timed out for user message 'hey'.
2022-04-29 18:49:38,714 [ERROR]  Message handling timed out for user message 'hey'.
2022-04-29 18:49:38,716 [ERROR]  Message handling timed out for user message 'hey'.
2022-04-29 18:49:38,718 [ERROR]  Message handling timed out for user message 'hey'.
2022-04-29 18:49:38,720 [ERROR]  Message handling timed out for user message 'hey'.
2022-04-29 18:49:38,771 [ERROR]  Message handling timed out for user message 'hey'.
2022-04-29 18:49:38,774 [ERROR]  Message handling timed out for user message 'hey'.
2022-04-29 18:49:38,775 [ERROR]  Message handling timed out for user message 'hey'.
2022-04-29 18:49:38,779 [ERROR]  Message handling timed out for user message 'hey'.
2022-04-29 18:49:38,780 [ERROR]  Message handling timed out for user message 'hey'.
2022-04-29 18:49:38,782 [ERROR]  Message handling timed out for user message 'hey'.
2022-04-29 18:49:39,577 [ERROR]  Message handling timed out for user message 'hey'.
2022-04-29 18:49:39,580 [ERROR]  Message handling timed out for user message 'hey'.
2022-04-29 18:49:39,582 [ERROR]  Message handling timed out for user message 'hey'.
2022-04-29 18:49:39,583 [ERROR]  Message handling timed out for user message 'hey'.
2022-04-29 18:49:39,583 [ERROR]  Message handling timed out for user message 'hey'.
2022-04-29 18:49:39,584 [ERROR]  Message handling timed out for user message 'hey'.
2022-04-29 18:49:39,586 [ERROR]  Message handling timed out for user message 'hey'.
2022-04-29 18:49:39,588 [ERROR]  Message handling timed out for user message 'hey'.
2022-04-29 18:49:39,589 [ERROR]  Message handling timed out for user message 'hey'.
2022-04-29 18:49:39,591 [ERROR]  Message handling timed out for user message 'hey'.
2022-04-29 18:49:39,592 [ERROR]  Message handling timed out for user message 'hey'.
2022-04-29 18:49:39,594 [ERROR]  Message handling timed out for user message 'hey'.
2022-04-29 18:49:39,595 [ERROR]  Message handling timed out for user message 'hey'.
2022-04-29 18:49:39,597 [ERROR]  Message handling timed out for user message 'hey'.
2022-04-29 18:49:39,598 [ERROR]  Message handling timed out for user message 'hey'.
2022-04-29 18:49:39,598 [ERROR]  Message handling timed out for user message 'hey'.
2022-04-29 18:49:39,599 [ERROR]  Message handling timed out for user message 'hey'.
2022-04-29 18:49:39,600 [ERROR]  Message handling timed out for user message 'hey'.
2022-04-29 18:49:40,299 [ERROR]  Message handling timed out for user message 'hey'.
2022-04-29 18:49:40,302 [ERROR]  Message handling timed out for user message 'hey'.
2022-04-29 18:49:40,303 [ERROR]  Message handling timed out for user message 'hey'.
2022-04-29 18:49:40,304 [ERROR]  Message handling timed out for user message 'hey'.
2022-04-29 18:49:40,305 [ERROR]  Message handling timed out for user message 'hey'.
2022-04-29 18:49:40,306 [ERROR]  Message handling timed out for user message 'hey'.
2022-04-29 18:49:40,307 [ERROR]  Message handling timed out for user message 'hey'.
2022-04-29 18:49:40,308 [ERROR]  Message handling timed out for user message 'hey'.
2022-04-29 18:49:40,310 [ERROR]  Message handling timed out for user message 'hey'.
2022-04-29 18:49:40,311 [ERROR]  Message handling timed out for user message 'hey'.
2022-04-29 18:49:40,823 [ERROR]  Message handling timed out for user message 'hey'.
2022-04-29 18:49:40,825 [ERROR]  Message handling timed out for user message 'hey'.
2022-04-29 18:49:40,826 [ERROR]  Message handling timed out for user message 'hey'.
2022-04-29 18:49:40,827 [ERROR]  Message handling timed out for user message 'hey'.
2022-04-29 18:49:40,828 [ERROR]  Message handling timed out for user message 'hey'.
2022-04-29 18:49:40,830 [ERROR]  Message handling timed out for user message 'hey'.
2022-04-29 18:49:40,831 [ERROR]  Message handling timed out for user message 'hey'.
2022-04-29 18:49:41,213 [ERROR]  Message handling timed out for user message 'hey'.
2022-04-29 18:49:41,219 [ERROR]  Message handling timed out for user message 'hey'.
2022-04-29 18:49:41,222 [ERROR]  Message handling timed out for user message 'hey'.
2022-04-29 18:49:41,224 [ERROR]  Message handling timed out for user message 'hey'.
2022-04-29 18:49:41,225 [ERROR]  Message handling timed out for user message 'hey'.
2022-04-29 18:49:41,227 [ERROR]  Message handling timed out for user message 'hey'.
2022-04-29 18:49:41,228 [ERROR]  Message handling timed out for user message 'hey'.
2022-04-29 18:49:41,229 [ERROR]  Message handling timed out for user message 'hey'.
2022-04-29 18:49:41,230 [ERROR]  Message handling timed out for user message 'hey'.
2022-04-29 18:49:41,232 [ERROR]  Message handling timed out for user message 'hey'.
2022-04-29 18:49:41,857 [ERROR]  Message handling timed out for user message 'hey'.
2022-04-29 18:49:41,872 [ERROR]  Message handling timed out for user message 'hey'.
2022-04-29 18:49:41,874 [ERROR]  Message handling timed out for user message 'hey'.
2022-04-29 18:49:41,877 [ERROR]  Message handling timed out for user message 'hey'.
2022-04-29 18:49:41,879 [ERROR]  Message handling timed out for user message 'hey'.
2022-04-29 18:49:41,880 [ERROR]  Message handling timed out for user message 'hey'.
2022-04-29 18:49:41,881 [ERROR]  Message handling timed out for user message 'hey'.
2022-04-29 18:49:41,882 [ERROR]  Message handling timed out for user message 'hey'.
2022-04-29 18:49:41,886 [ERROR]  Message handling timed out for user message 'hey'.
2022-04-29 18:49:41,888 [ERROR]  Message handling timed out for user message 'hey'.
2022-04-29 18:49:41,893 [ERROR]  Message handling timed out for user message 'hey'.
2022-04-29 18:49:41,896 [ERROR]  Message handling timed out for user message 'hey'.
2022-04-29 18:49:41,899 [ERROR]  Message handling timed out for user message 'hey'.
2022-04-29 18:49:41,901 [ERROR]  Message handling timed out for user message 'hey'.
2022-04-29 18:49:41,902 [ERROR]  Message handling timed out for user message 'hey'.
2022-04-29 18:49:41,904 [ERROR]  Message handling timed out for user message 'hey'.
2022-04-29 18:49:41,906 [ERROR]  Message handling timed out for user message 'hey'.
2022-04-29 18:49:41,909 [ERROR]  Message handling timed out for user message 'hey'.
2022-04-29 18:49:41,912 [ERROR]  Message handling timed out for user message 'hey'.
2022-04-29 18:49:43,064 [ERROR]  Message handling timed out for user message 'hey'.
2022-04-29 18:49:43,073 [ERROR]  Message handling timed out for user message 'hey'.
2022-04-29 18:49:43,504 [ERROR]  Message handling timed out for user message 'hey'.
2022-04-29 18:49:43,506 [ERROR]  Message handling timed out for user message 'hey'.
2022-04-29 18:50:01,259 [ERROR]  Message handling timed out for user message 'hey'.
2022-04-29 18:50:19,314 [ERROR]  Message handling timed out for user message 'hey'.
2022-04-29 18:54:54,331 [ERROR]  Message handling timed out for user message 'hey'.
2022-04-29 18:54:54,362 [ERROR]  Message handling timed out for user message 'hey'.
2022-04-29 18:55:05,629 [ERROR]  Message handling timed out for user message 'hey'.
2022-04-29 18:55:19,090 [ERROR]  Message handling timed out for user message 'hey'.
2022-04-29 18:56:12,725 [ERROR]  Message handling timed out for user message 'hey'.
2022-04-29 18:57:15,443 [ERROR]  Message handling timed out for user message 'hey'.
2022-04-29 18:57:15,451 [ERROR]  Message handling timed out for user message 'hey'.
2022-04-29 18:57:15,453 [ERROR]  Message handling timed out for user message 'hey'.
2022-04-29 18:57:15,454 [ERROR]  Message handling timed out for user message 'hey'.
2022-04-29 19:32:09,589 [INFO ]  Loading model /Users/alex/desktop/Uni Third Year/KV6003 Individual Computing Project/chatbot/rasa_individual/rasa/models/20220429-193138-factorial-store.tar.gz...
2022-04-29 19:33:03,600 [WARNI]  The UnexpecTED Intent Policy is currently experimental and might change or be removed in the future ðŸ”¬ Please share your feedback on it in the forum (https://forum.rasa.com) to help us make this feature ready for production.
2022-04-29 19:33:15,230 [ERROR]  Message handling timed out for user message 'hey'.
2022-04-29 19:33:15,232 [ERROR]  Message handling timed out for user message 'hey'.
2022-04-29 19:33:15,233 [ERROR]  Message handling timed out for user message 'hey'.
